1
635.929
132.977
0.898036
637.833
256.22
0.720505
524.409
252.389
0.603014
363.919
215.191
0.735296
242.706
119.428
0.801549
745.435
254.379
0.573443
909.744
236.761
0.74944
1023.33
136.952
0.837221
559.57
590.859
0.344099
0
0
0
0
0
0
702.373
588.926
0.358414
0
0
0
0
0
0
616.187
115.4
0.925191
661.258
115.337
0.923031
581.082
140.883
0.829782
682.821
136.943
0.83967
1
626.093
133.045
0.858093
628.063
254.357
0.718305
514.542
252.356
0.588
350.241
213.245
0.733298
223.012
131.096
0.778894
739.537
254.341
0.563708
896.063
228.928
0.773035
1025.25
146.73
0.861337
549.792
588.935
0.352589
0
0
0
0
0
0
690.663
586.927
0.357582
0
0
0
0
0
0
600.716
115.469
0.94877
647.628
115.363
0.956893
569.367
142.781
0.884528
675.031
136.942
0.820964
1
616.337
133.072
0.898344
618.203
254.354
0.734355
502.837
252.38
0.602905
334.618
211.344
0.691352
197.606
144.771
0.771591
727.878
254.338
0.57471
886.285
226.879
0.813948
1027.19
154.55
0.780819
540.038
594.794
0.357241
0
0
0
0
0
0
680.913
596.727
0.373326
0
0
0
0
0
0
588.918
117.306
0.906572
634.023
115.434
0.943836
555.68
140.841
0.901979
663.331
135.065
0.871448
1
604.557
135.043
0.870907
606.494
254.359
0.718743
493.022
254.289
0.613245
326.772
215.19
0.690511
179.957
160.377
0.746746
718.026
254.329
0.565796
868.767
226.897
0.818821
1027.24
168.248
0.779101
532.194
592.838
0.348507
0
0
0
0
0
0
669.119
598.675
0.35726
0
0
0
0
0
0
583.028
117.403
0.923564
628.032
115.48
0.934806
547.832
142.815
0.838589
651.505
134.986
0.845975
1
596.744
138.924
0.807968
598.654
256.226
0.730565
483.245
254.351
0.614566
316.92
219.097
0.662258
162.348
177.988
0.803506
710.202
254.345
0.584865
856.947
226.985
0.729595
1025.26
183.933
0.806525
522.424
598.693
0.356618
0
0
0
0
0
0
663.273
598.7
0.371803
0
0
0
0
0
0
571.255
119.334
0.927188
616.345
117.395
0.999379
538.031
144.727
0.911834
645.592
136.95
0.828838
1
586.906
142.801
0.895312
588.881
254.379
0.741168
475.38
254.372
0.640609
309.109
223.036
0.689164
146.7
193.723
0.817852
704.332
252.393
0.573451
851.071
228.885
0.759853
1023.22
199.576
0.790884
518.453
594.795
0.330166
0
0
0
0
0
0
651.515
598.675
0.333399
0
0
0
0
0
0
559.613
121.285
0.830013
604.583
117.507
0.928349
524.401
144.785
0.916927
631.987
136.923
0.867072
1
577.164
144.715
0.850123
577.207
256.253
0.733077
461.792
256.255
0.655137
299.343
226.976
0.727334
131.137
211.288
0.806758
692.616
254.29
0.593018
851.018
230.87
0.717427
1019.32
219.092
0.736513
508.701
598.702
0.334378
0
0
0
0
0
0
647.577
600.647
0.356358
0
0
0
0
0
0
553.68
121.358
0.901158
598.733
119.341
0.927039
518.492
146.624
0.885181
622.223
135.059
0.786471
1
569.397
144.703
0.901371
571.372
256.231
0.761073
461.761
256.276
0.672398
289.633
238.669
0.702039
131.001
227.05
0.802733
682.801
252.374
0.586491
841.326
238.682
0.638927
1009.61
236.718
0.742516
504.81
602.608
0.336731
0
0
0
0
0
0
641.75
604.558
0.353254
0
0
0
0
0
0
542.002
123.275
0.8356
587.02
119.314
0.935469
508.713
146.636
0.934214
616.311
134.968
0.875994
1
561.548
144.742
0.846734
565.432
256.303
0.742071
453.938
256.368
0.630293
283.717
242.702
0.713376
121.285
242.697
0.807043
676.919
254.276
0.580163
837.36
242.669
0.696012
1003.72
244.628
0.753565
500.851
600.659
0.340821
0
0
0
0
0
0
632.006
600.62
0.379469
0
0
0
0
0
0
537.996
123.288
0.901106
583.048
119.321
0.911225
502.841
146.694
0.893909
606.527
133.096
0.812148
1
555.607
144.783
0.931869
557.588
256.284
0.759226
448.024
258.213
0.652785
273.875
252.418
0.685078
115.396
258.242
0.859791
667.156
252.377
0.599545
833.441
246.548
0.664526
997.807
258.231
0.798674
493.077
602.617
0.360941
0
0
0
0
0
0
628.014
600.636
0.384923
0
0
0
0
0
0
526.366
125.245
0.833074
571.402
119.362
0.912414
493.049
146.766
0.961156
600.629
133.141
0.865315
1
551.771
146.704
0.907758
553.62
256.37
0.763683
444.061
258.262
0.629688
268.053
258.246
0.718084
109.571
271.919
0.766256
661.322
254.324
0.604263
819.764
256.235
0.656991
991.942
266.069
0.751391
489.146
602.626
0.356522
0
0
0
0
0
0
618.272
598.659
0.391796
0
0
0
0
0
0
524.275
129.093
0.91597
569.341
121.28
0.910619
489.093
146.815
0.918283
592.825
134.985
0.741485
1
543.918
146.721
0.893303
543.939
258.27
0.745316
432.376
260.256
0.598702
260.242
264.105
0.685994
101.675
274.02
0.820065
655.453
254.364
0.604828
817.795
256.364
0.655698
982.161
269.996
0.748254
481.304
602.62
0.351092
0
0
0
0
0
0
616.232
596.713
0.402395
0
0
0
0
0
0
518.496
127.167
0.85679
563.455
119.425
0.827042
479.33
148.64
0.929805
585.067
133.044
0.74237
1
540.053
146.753
0.968172
539.999
258.261
0.777817
428.473
260.265
0.620165
258.3
269.964
0.722291
99.7717
281.768
0.781967
651.52
254.359
0.613768
808.09
258.22
0.675667
978.255
271.918
0.787639
477.38
602.606
0.382426
0
0
0
0
0
0
606.542
600.64
0.395589
0
0
0
0
0
0
512.595
129.125
0.848962
555.766
121.334
0.876216
475.49
148.694
0.943231
583.036
131.13
0.721322
1
539.921
148.609
0.944503
537.98
258.307
0.769233
428.412
262.174
0.60818
254.286
271.875
0.716919
95.8985
287.541
0.796188
647.585
256.21
0.624227
800.233
258.265
0.630998
976.246
270.03
0.792072
475.456
598.686
0.367215
0
0
0
0
0
0
604.54
598.672
0.393914
0
0
0
0
0
0
508.738
131.085
0.946413
555.588
125.214
0.89555
471.526
150.63
0.872209
573.336
133.018
0.571219
1
537.939
148.706
0.89899
532.14
258.314
0.746959
418.692
262.202
0.601511
242.659
271.95
0.741381
88.058
287.593
0.794977
643.68
256.23
0.620209
804.082
258.231
0.703979
972.361
269.94
0.75543
471.496
600.655
0.365897
0
0
0
0
0
0
600.643
600.662
0.406227
0
0
0
0
0
0
506.764
131.168
0.974061
551.722
125.232
0.862965
463.763
150.721
0.871072
571.22
129.152
0.525883
1
534.1
148.745
0.872817
526.324
258.348
0.744319
412.832
264.147
0.61002
242.673
271.982
0.747393
86.1211
287.6
0.809588
641.724
256.265
0.61075
802.168
256.369
0.64159
966.528
264.156
0.746201
465.675
596.739
0.360729
0
0
0
0
0
0
598.665
600.638
0.392032
0
0
0
0
0
0
504.823
132.969
0.951696
547.81
127.141
0.848323
461.756
154.536
0.902133
569.276
131.084
0.439949
1
528.319
148.781
0.873132
524.327
258.334
0.771408
412.827
264.152
0.611375
242.608
272.027
0.748981
84.1274
287.596
0.820575
633.963
256.227
0.618622
792.437
256.264
0.620316
962.607
258.349
0.799971
461.765
596.744
0.386467
0
0
0
0
0
0
590.861
602.599
0.374972
0
0
0
0
0
0
502.788
133.035
0.897993
543.896
129.063
0.878883
459.786
156.496
0.886674
565.417
131.16
0.376465
1
526.324
150.672
0.878161
522.369
260.259
0.747987
410.879
269.933
0.611002
238.722
273.832
0.76624
82.1266
287.518
0.782548
631.994
256.278
0.619723
792.393
254.384
0.628578
960.593
256.389
0.822837
459.783
596.743
0.381328
0
0
0
0
0
0
586.92
602.613
0.398018
0
0
0
0
0
0
496.952
133.105
0.882537
540.102
129.168
0.94183
457.794
158.498
0.882208
557.613
133.006
0.229284
1
524.382
150.674
0.895246
518.495
262.179
0.715601
403.067
270.013
0.590053
238.705
273.862
0.754239
78.2296
283.717
0.740286
630.024
256.293
0.617288
788.453
254.353
0.681933
960.585
254.382
0.774119
459.723
594.766
0.377986
0
0
0
0
0
0
586.906
600.683
0.400548
0
0
0
0
0
0
493.144
133.119
0.930803
539.943
130.973
0.959022
455.846
160.384
0.869758
557.589
133.053
0.508895
1
524.311
150.729
0.877831
516.543
266.051
0.704398
403.035
271.954
0.618932
234.797
273.878
0.717609
76.2912
277.876
0.730826
628.049
256.342
0.625793
786.5
254.337
0.636199
958.706
250.47
0.719266
457.814
596.746
0.380151
0
0
0
0
0
0
586.946
606.527
0.394725
0
0
0
0
0
0
493.081
135.003
0.928582
538.044
130.997
0.9687
451.982
160.473
0.879703
555.637
133.063
0.436115
1
522.39
154.562
0.846582
514.576
268.001
0.700931
401.143
271.97
0.627747
230.87
273.884
0.715762
74.3204
274.024
0.795945
626.096
258.241
0.621288
784.561
256.22
0.646212
956.718
244.557
0.743167
453.918
598.693
0.370185
0
0
0
0
0
0
584.951
608.495
0.403948
0
0
0
0
0
0
491.153
136.944
0.928944
536.06
131.079
0.950106
448.014
162.353
0.926447
553.687
135.011
0.268422
1
520.417
158.465
0.833376
512.6
268.022
0.706549
401.083
271.991
0.635813
228.918
273.86
0.71662
70.365
271.98
0.825303
624.117
258.24
0.622019
784.549
256.317
0.683484
950.846
240.562
0.783601
448.065
600.63
0.378045
0
0
0
0
0
0
581.063
612.37
0.396586
0
0
0
0
0
0
491.007
138.892
0.911377
534.085
132.961
0.929026
446.079
162.391
0.946289
553.608
138.908
0.411573
1
518.479
160.456
0.866239
510.633
268.064
0.728877
401.087
273.872
0.633819
226.994
273.855
0.71357
68.414
264.144
0.777274
618.29
258.254
0.618101
782.583
258.223
0.698648
946.928
228.952
0.809289
448.021
596.746
0.374546
0
0
0
0
0
0
575.201
612.405
0.379233
0
0
0
0
0
0
489.135
140.88
0.89059
530.24
133.02
0.916679
444.203
162.404
0.942662
551.722
136.965
0.374501
1
514.536
162.323
0.887465
508.73
269.978
0.745204
399.139
273.93
0.622246
225.016
273.843
0.718719
68.4893
258.197
0.858407
616.353
258.286
0.61965
774.834
258.362
0.740264
943.06
225.008
0.820198
446.055
600.646
0.384953
0
0
0
0
0
0
571.285
614.334
0.39621
0
0
0
0
0
0
487.147
142.834
0.86503
528.24
133.111
0.919373
444.106
164.275
0.927823
549.808
142.824
0.428277
1
510.666
162.385
0.94097
506.79
271.87
0.765999
397.184
273.934
0.638937
226.994
271.975
0.739478
68.5482
248.494
0.816497
616.283
258.333
0.605417
778.708
258.314
0.764651
935.212
217.156
0.750465
444.146
600.633
0.400231
0
0
0
0
0
0
571.324
616.284
0.415049
0
0
0
0
0
0
483.242
144.757
0.872547
526.315
135.008
0.916444
442.201
164.311
0.915393
549.728
142.793
0.47361
1
508.751
162.387
0.955034
506.674
271.893
0.759328
397.123
273.993
0.6343
228.948
271.964
0.724121
70.3736
240.62
0.848648
612.397
258.277
0.607518
776.738
258.358
0.779544
929.423
207.373
0.806639
446.027
600.664
0.395549
0
0
0
0
0
0
571.35
616.336
0.40442
0
0
0
0
0
0
479.377
144.766
0.901318
524.406
135.029
0.933994
442.101
164.372
0.893505
543.954
144.747
0.414386
1
506.828
162.42
0.95002
506.679
271.982
0.760749
397.106
277.799
0.617182
228.905
271.946
0.750111
70.4962
226.986
0.837256
612.411
258.347
0.597756
776.759
262.216
0.760385
917.642
195.6
0.787169
442.124
602.617
0.391702
0
0
0
0
0
0
569.324
618.297
0.401478
0
0
0
0
0
0
477.397
146.624
0.945881
522.442
135.015
0.940666
438.273
164.396
0.881126
541.965
140.885
0.521572
1
506.63
164.306
0.908377
504.793
273.868
0.756389
395.216
279.767
0.62508
228.891
271.942
0.757452
72.4575
215.25
0.766811
612.387
262.17
0.586661
774.832
266.08
0.76798
909.748
187.848
0.732989
440.225
602.604
0.38412
0
0
0
0
0
0
567.343
620.23
0.362035
0
0
0
0
0
0
475.497
146.776
0.97333
520.451
138.949
0.863138
436.293
164.439
0.868737
540.036
144.754
0.655335
1
498.948
164.329
0.88213
504.762
273.899
0.747066
395.167
281.758
0.612088
228.911
271.909
0.752472
84.0818
209.245
0.8221
612.412
264.137
0.585384
772.893
268.035
0.792075
898.106
178.064
0.853845
440.209
600.659
0.369384
0
0
0
0
0
0
561.502
618.261
0.36832
0
0
0
0
0
0
473.495
146.787
0.914967
518.445
140.858
0.810812
432.451
164.452
0.898562
539.943
146.739
0.653804
1
493.122
164.321
0.953018
502.837
274.002
0.724765
391.302
285.627
0.609848
226.964
270.022
0.767264
86.195
193.677
0.834931
608.489
269.943
0.567243
772.899
271.861
0.83112
884.291
174.105
0.816482
436.301
608.473
0.352366
0
0
0
0
0
0
555.687
626.091
0.361339
0
0
0
0
0
0
467.594
146.82
0.88383
512.587
142.785
0.846704
430.503
166.296
0.921924
539.961
158.441
0.813075
1
491.054
164.34
0.921488
500.89
275.938
0.712412
387.424
287.561
0.628447
226.899
270.031
0.812559
99.7204
183.902
0.818015
604.579
271.903
0.612293
772.836
272.019
0.830433
868.691
166.328
0.842375
436.298
610.424
0.360367
0
0
0
0
0
0
555.64
628.013
0.365722
0
0
0
0
0
0
461.833
146.816
0.908964
508.69
144.735
0.915767
430.472
166.306
0.923324
539.967
162.326
0.909187
1
481.307
164.396
0.874064
500.833
279.788
0.70448
387.379
287.632
0.636907
226.95
271.855
0.810965
111.522
178.038
0.786961
602.621
272.021
0.638194
772.762
275.855
0.776783
853.042
164.342
0.877222
440.242
614.351
0.326301
0
0
0
0
0
0
555.673
631.919
0.353996
0
0
0
0
0
0
459.802
148.614
0.911699
506.653
142.857
0.898243
430.499
166.347
0.903741
539.933
162.409
0.947075
1
477.361
166.279
0.909324
496.987
281.742
0.696334
385.48
287.659
0.640075
228.895
271.897
0.81678
121.288
164.412
0.799607
600.682
273.904
0.631573
770.837
285.583
0.749509
837.475
162.368
0.844139
442.127
612.392
0.315263
0
0
0
0
0
0
555.655
628.025
0.336786
0
0
0
0
0
0
455.89
146.775
0.916921
502.784
144.762
0.877668
428.566
162.349
0.82813
539.92
162.416
0.960629
1
473.45
166.318
0.856883
496.995
283.681
0.69935
389.351
289.508
0.641497
228.974
271.894
0.806111
133.131
160.453
0.81393
600.659
274.007
0.629207
770.851
289.583
0.791292
821.848
162.314
0.810861
444.129
616.305
0.285252
0
0
0
0
0
0
555.687
628.025
0.326591
0
0
0
0
0
0
449.986
148.626
0.911071
495.055
146.635
0.887368
428.557
160.372
0.629085
538.132
162.474
0.947559
1
465.628
166.321
0.846191
496.98
283.67
0.702492
391.282
287.647
0.62479
234.76
271.915
0.80104
148.704
152.615
0.788127
600.633
275.9
0.611048
770.882
291.578
0.764324
806.15
162.408
0.827417
442.159
618.27
0.300341
0
0
0
0
0
0
555.662
631.944
0.35441
0
0
0
0
0
0
448.03
148.616
0.930473
493.019
146.716
0.950962
430.412
156.531
0.31667
538.118
164.3
0.944514
1
463.692
164.438
0.89401
498.94
279.796
0.706023
393.278
285.652
0.624392
238.677
271.874
0.83246
164.348
146.782
0.835816
600.61
275.89
0.618091
772.744
301.335
0.819344
790.456
162.464
0.847844
444.159
618.272
0.324381
0
0
0
0
0
0
557.617
631.939
0.334184
0
0
0
0
0
0
448.059
146.698
0.909316
492.993
146.657
0.948631
430.453
148.804
0.220714
539.952
162.439
0.932062
1
463.683
164.33
0.92348
498.902
275.867
0.733988
397.142
277.824
0.640543
240.646
269.995
0.826153
180.023
142.848
0.782446
598.695
273.945
0.63036
770.842
305.196
0.827851
774.818
166.287
0.807171
448.019
618.245
0.339438
0
0
0
0
0
0
561.539
626.075
0.335983
0
0
0
0
0
0
448.081
144.809
0.893844
492.989
144.779
0.92595
432.441
148.738
0.117397
540
162.362
0.918281
1
463.727
162.286
0.907479
502.817
273.913
0.76016
397.225
273.96
0.667408
240.704
269.985
0.817086
195.763
135.054
0.773176
600.651
273.863
0.648644
772.748
307.203
0.805125
761.135
168.234
0.768471
450.003
618.265
0.315092
0
0
0
0
0
0
565.405
628.031
0.342033
0
0
0
0
0
0
450.009
140.849
0.852043
493.04
140.853
0.878344
434.387
146.789
0.112237
540.1
162.35
0.895816
1
463.752
158.512
0.868209
506.683
273.847
0.77793
399.167
273.873
0.666734
242.64
269.957
0.793673
217.142
134.968
0.757821
602.63
273.854
0.645659
772.869
316.887
0.816687
747.428
174.127
0.739024
450.01
620.223
0.290746
0
0
0
0
0
0
563.481
626.071
0.327935
0
0
0
0
0
0
453.873
135.078
0.871361
493.055
135.058
0.898425
436.324
144.784
0.0773909
541.978
160.463
0.873183
1
465.704
154.558
0.843338
508.706
271.974
0.780344
403.025
272.026
0.669406
246.513
269.922
0.763678
236.752
135.018
0.77804
606.529
272.01
0.621507
774.8
318.924
0.842984
737.581
178.065
0.796279
453.916
614.354
0.268079
0
0
0
0
0
0
567.375
618.233
0.346168
0
0
0
0
0
0
457.748
133.138
0.906323
494.969
133.101
0.90136
0
0
0
543.927
160.428
0.862185
1
469.539
150.674
0.85322
510.716
271.954
0.747277
408.893
271.912
0.667506
256.249
271.871
0.800408
256.189
142.803
0.783442
612.391
273.851
0.626545
776.804
320.832
0.821945
725.903
180.073
0.818446
455.862
618.263
0.286828
0
0
0
0
0
0
567.378
616.324
0.348364
0
0
0
0
0
0
457.858
132.968
0.926956
496.936
132.953
0.882638
0
0
0
549.777
160.365
0.854638
1
473.442
148.772
0.885638
518.478
271.939
0.752187
412.827
270.019
0.670955
256.281
271.898
0.820891
271.862
146.725
0.855945
616.275
273.88
0.633639
782.637
320.942
0.79899
714.13
189.802
0.772828
457.783
610.439
0.295713
0
0
0
0
0
0
567.378
614.354
0.352355
0
0
0
0
0
0
459.823
131.093
0.954176
500.878
131.1
0.901489
0
0
0
553.654
158.426
0.881528
1
475.461
148.789
0.931648
522.334
271.906
0.769746
414.811
269.966
0.669278
262.179
271.955
0.77384
285.608
150.629
0.82034
618.244
273.875
0.632243
788.408
322.883
0.789244
712.129
193.719
0.842413
459.826
612.403
0.308816
0
0
0
0
0
0
569.385
614.332
0.358395
0
0
0
0
0
0
461.837
131.101
0.93552
506.638
131.04
0.933198
0
0
0
555.639
156.532
0.87852
1
477.471
148.762
0.932261
526.27
269.999
0.749853
420.651
266.095
0.643411
268.039
273.842
0.78828
291.54
160.366
0.822783
624.136
273.843
0.615891
790.463
324.776
0.797203
710.295
195.582
0.830854
463.669
614.358
0.318533
0
0
0
0
0
0
575.216
616.308
0.339707
0
0
0
0
0
0
467.618
131.068
0.908411
508.639
131.047
0.958412
0
0
0
557.664
156.559
0.85642
1
485.216
148.748
0.872602
532.19
271.866
0.731854
428.42
269.933
0.657929
273.881
273.845
0.809871
303.337
162.421
0.874407
631.909
273.855
0.628676
796.308
324.756
0.753435
712.191
193.773
0.828276
465.632
618.261
0.322762
0
0
0
0
0
0
577.187
616.321
0.337527
0
0
0
0
0
0
475.394
131.05
0.946393
512.65
131.083
0.882955
0
0
0
569.279
158.425
0.879028
1
491.105
148.781
0.947027
538.031
268.052
0.756573
430.501
262.154
0.657624
283.707
273.839
0.798917
309.131
164.277
0.830149
635.871
271.961
0.615018
804.157
324.772
0.797754
721.966
195.62
0.78242
473.486
612.386
0.300413
0
0
0
0
0
0
584.966
618.238
0.334657
0
0
0
0
0
0
479.341
131.033
0.950095
522.304
131.09
0.940426
0
0
0
571.368
158.456
0.889017
1
495.073
148.7
0.914308
545.852
268.031
0.725009
442.184
262.162
0.662372
291.545
272.01
0.786667
318.902
162.435
0.848269
645.668
271.935
0.628219
808.113
322.871
0.766543
727.924
193.758
0.808321
475.385
608.467
0.347564
0
0
0
0
0
0
585.034
616.28
0.344831
0
0
0
0
0
0
490.976
129.16
0.930718
526.271
131.089
0.915322
0
0
0
582.991
158.474
0.867224
2
506.669
148.637
0.942701
553.69
266.067
0.761486
448.053
258.337
0.687524
301.305
272.011
0.825215
320.931
162.44
0.863902
651.542
271.926
0.610037
819.758
322.891
0.79836
741.598
193.71
0.822061
477.375
608.469
0.346169
0
0
0
0
0
0
587.007
616.292
0.33763
0
0
0
0
0
0
494.992
129.11
0.924254
536.056
131.019
0.920102
0
0
0
586.975
158.468
0.894935
0
0
0
0
0
0
0
0
0
0
0
0
0
0
0
4.84619
115.419
0.478762
19.5433
264.149
0.599547
15.6088
387.404
0.616474
0
0
0
0
0
0
0
0
0
0
0
0
0
0
0
0
0
0
0
0
0
0
0
0
0
0
0
0
0
0
1
510.707
148.602
0.919151
559.59
266.083
0.724255
457.805
258.283
0.696498
307.239
271.857
0.790552
328.681
158.481
0.783856
661.33
271.961
0.624786
827.589
322.874
0.76355
757.111
193.771
0.80861
479.397
608.463
0.35768
0
0
0
0
0
0
596.746
614.362
0.333168
0
0
0
0
0
0
506.646
127.156
0.898746
540.105
131.025
0.911149
0
0
0
598.684
158.462
0.864424
2
522.342
146.74
0.945475
569.4
264.138
0.753028
463.698
258.271
0.702395
318.865
269.936
0.802342
334.597
150.725
0.82951
671.073
271.901
0.598985
837.322
322.895
0.803966
766.941
193.704
0.781008
491.091
600.647
0.338609
0
0
0
0
0
0
600.68
610.421
0.312988
0
0
0
0
0
0
512.581
127.155
0.889831
551.757
129.173
0.903776
0
0
0
602.671
158.442
0.880775
0
0
0
4.87277
115.435
0.0550518
0
0
0
0
0
0
0
0
0
23.4932
115.495
0.660733
41.1042
264.142
0.716953
39.1861
385.494
0.80948
0
0
0
0
0
0
0
0
0
0
0
0
0
0
0
0
0
0
0
0
0
0
0
0
0
0
0
0
0
0
2
526.334
146.707
0.936714
575.218
264.099
0.728364
473.473
258.217
0.715513
326.738
264.11
0.757138
336.507
150.661
0.849726
678.845
271.904
0.616309
843.296
322.841
0.757174
776.784
193.758
0.779666
493.102
602.591
0.351739
0
0
0
0
0
0
612.392
610.434
0.311498
0
0
0
0
0
0
522.388
125.192
0.913855
555.727
131.066
0.914527
0
0
0
614.354
158.492
0.86791
0
0
0
4.85262
115.425
0.0692
0
0
0
0
0
0
0
0
0
37.1725
115.492
0.655353
54.7856
260.282
0.752393
52.8358
387.366
0.802914
0
0
0
0
0
0
0
0
0
0
0
0
0
0
0
0
0
0
0
0
0
0
0
0
0
0
0
0
0
0
2
536.092
146.73
0.926302
583.067
262.217
0.751274
477.415
258.221
0.707869
334.468
262.152
0.805281
338.474
148.715
0.837627
682.822
271.886
0.601827
851.062
322.895
0.791065
790.372
193.768
0.810842
498.938
606.516
0.347266
0
0
0
0
0
0
618.255
614.346
0.329319
0
0
0
0
0
0
526.337
125.234
0.896299
565.421
131.021
0.886998
0
0
0
618.305
158.48
0.88582
0
0
0
4.84745
113.462
0.0740914
0
0
0
0
0
0
0
0
0
48.8886
115.474
0.631094
68.4628
260.247
0.724684
66.4841
387.404
0.756595
0
0
0
0
0
0
0
0
0
0
0
0
0
0
0
0
0
0
0
0
0
0
0
0
0
0
0
0
0
0
3
540.099
146.768
0.953763
587.015
264.111
0.745338
483.242
258.218
0.687948
336.496
258.37
0.845941
338.556
148.624
0.832204
692.598
271.926
0.615432
856.978
322.903
0.753576
802.138
193.751
0.811631
506.745
604.578
0.354963
0
0
0
0
0
0
626.094
612.386
0.312484
0
0
0
0
0
0
537.952
125.21
0.896928
571.328
131.082
0.927516
0
0
0
628.024
160.392
0.861074
0
0
0
4.87128
113.472
0.0541269
0
0
0
0
0
0
0
0
0
54.8497
115.453
0.66243
82.115
260.266
0.70059
74.3984
385.459
0.756137
0
0
0
0
0
0
0
0
0
0
0
0
0
0
0
0
0
0
0
0
0
0
0
0
0
0
0
0
0
0
0
0
0
0
0
0
0
0
0
0
0
0
0
0
0
0
0
0
0
0
0
0
0
0
0
0
0
0
0
0
0
0
0
21.4646
399.155
0.164276
37.1064
575.22
0.466864
43.0268
714.198
0.157115
0
0
0
0
0
0
0
0
0
0
0
0
3
547.79
148.623
0.904147
594.765
266.06
0.72323
489.147
258.219
0.692243
342.381
258.309
0.80037
342.372
146.76
0.798927
694.609
271.962
0.611813
864.727
322.886
0.771766
811.929
193.754
0.793143
506.745
602.598
0.363963
0
0
0
0
0
0
628.038
614.352
0.324183
0
0
0
0
0
0
540.025
125.252
0.915294
577.212
131.065
0.87861
0
0
0
633.858
160.434
0.906743
0
0
0
0
0
0
0
0
0
0
0
0
0
0
0
68.5082
117.321
0.677079
88.076
262.207
0.717667
86.1157
385.432
0.83562
0
0
0
0
0
0
0
0
0
0
0
0
0
0
0
0
0
0
0
0
0
0
0
0
0
0
0
4.83719
4.85785
0.0682713
0
0
0
0
0
0
0
0
0
0
0
0
0
0
0
0
0
0
0
0
0
0
0
0
0
0
0
0
0
0
0
0
0
25.4776
375.653
0.204246
41.0856
569.392
0.538228
50.8289
714.208
0.148081
0
0
0
0
0
0
0
0
0
0
0
0
3
553.653
148.687
0.934323
600.571
266.07
0.742209
493.027
258.241
0.690212
348.257
258.197
0.843186
338.548
144.71
0.765551
700.415
271.956
0.603645
868.716
324.78
0.793363
821.795
195.573
0.843194
510.646
606.519
0.356695
0
0
0
0
0
0
633.904
614.333
0.327453
0
0
0
0
0
0
545.851
129.093
0.899631
583.064
131.114
0.929892
0
0
0
635.917
160.457
0.878457
4.83931
3.88348
0.417786
4.86507
95.8298
0.179084
0
0
0
0
0
0
0
0
0
82.1055
115.388
0.677048
101.67
262.166
0.747684
99.6795
385.5
0.796235
0
0
0
0
0
0
0
0
0
0
0
0
0
0
0
0
0
0
0
0
0
0
0
0
0
0
0
23.544
4.83315
0.234597
0
0
0
0
0
0
0
0
0
0
0
0
0
0
0
0
0
0
0
0
0
0
0
0
0
0
0
0
0
0
0
0
0
37.1545
354.137
0.25758
52.9059
571.271
0.577792
62.59
714.211
0.119078
0
0
0
0
0
0
0
0
0
0
0
0
3
555.738
148.789
0.912891
602.697
268.012
0.741731
496.963
258.238
0.687608
350.269
256.362
0.870432
336.606
140.865
0.784071
708.285
273.874
0.61251
874.593
322.869
0.772124
835.388
195.601
0.820057
516.518
606.527
0.345852
0
0
0
0
0
0
643.689
614.346
0.333144
0
0
0
0
0
0
553.632
129.147
0.951031
586.966
132.997
0.946511
0
0
0
645.657
162.294
0.901836
21.4583
4.83329
0.599239
4.85997
97.8015
0.307158
0
0
0
0
0
0
0
0
0
90.0329
115.435
0.687026
113.512
260.218
0.736555
109.538
383.575
0.781773
0
0
0
0
0
0
0
0
0
0
0
0
0
0
0
0
0
0
4.83245
4.86417
0.415044
25.4244
4.86741
0.371141
0
0
0
0
0
0
0
0
0
0
0
0
0
0
0
0
0
0
0
0
0
0
0
0
0
0
0
0
0
0
0
0
0
0
0
0
0
0
0
41.1328
344.357
0.333419
66.4571
571.309
0.563242
72.3959
714.21
0.114498
0
0
0
0
0
0
0
0
0
0
0
0
3
563.503
150.661
0.878809
606.565
268.048
0.727138
502.855
258.214
0.684401
352.146
258.19
0.869423
336.479
136.928
0.806467
712.135
273.922
0.611905
880.381
324.78
0.780537
847.144
195.607
0.797326
518.493
612.38
0.338427
0
0
0
0
0
0
645.645
618.27
0.338109
0
0
0
0
0
0
555.682
131.007
0.984689
592.795
133.06
0.890066
0
0
0
649.509
162.309
0.912496
27.4325
4.83129
0.66522
3.8811
101.776
0.465328
0
0
0
0
0
0
0
0
0
101.674
115.441
0.706477
121.287
260.279
0.718329
119.324
383.546
0.838299
0
0
0
0
0
0
0
0
0
0
0
0
0
0
0
0
0
0
0
0
0
37.1989
4.86765
0.442849
0
0
0
0
0
0
0
0
0
0
0
0
0
0
0
0
0
0
0
0
0
0
0
0
0
0
0
0
0
0
0
0
0
0
0
0
0
0
0
52.8135
354.116
0.362759
72.4637
569.333
0.571505
84.1363
714.212
0.10525
0
0
0
0
0
0
0
0
0
0
0
0
4
569.282
150.635
0.930911
614.36
269.967
0.75208
506.746
258.291
0.675238
352.198
258.184
0.874639
334.505
133.123
0.820582
716.076
273.943
0.600838
884.316
322.89
0.830142
855.071
195.587
0.826175
522.377
610.438
0.363801
0
0
0
0
0
0
649.551
618.26
0.365831
0
0
0
0
0
0
559.561
131.035
0.943448
598.67
133.074
0.908402
0
0
0
651.544
162.285
0.880604
0
0
0
0
0
0
0
0
0
0
0
0
0
0
0
113.422
115.411
0.678899
133.06
260.274
0.759576
131.089
385.446
0.835449
0
0
0
0
0
0
0
0
0
0
0
0
0
0
0
0
0
0
0
0
0
0
0
0
0
0
0
0
0
0
0
0
0
0
0
0
0
0
0
0
0
0
0
0
0
0
0
0
0
0
0
0
0
0
0
0
0
0
0
0
0
0
0
64.5716
352.193
0.370398
86.0226
571.272
0.570297
97.8163
714.217
0.100446
0
0
0
0
0
0
0
0
0
0
0
0
41.0557
4.82576
0.731184
0
0
0
0
0
0
0
0
0
0
0
0
0
0
0
0
0
0
0
0
0
0
0
0
0
0
0
0
0
0
0
0
0
0
0
0
0
0
0
23.407
4.86461
0.412933
52.6981
4.86957
0.42656
4.87187
4.84389
0.188996
0
0
0
2
571.238
152.6
0.920302
616.316
269.984
0.751851
508.645
258.293
0.671088
354.106
256.37
0.844353
328.66
131.097
0.813389
721.978
275.834
0.593092
886.293
322.835
0.822233
868.72
195.663
0.855528
522.434
614.344
0.368199
0
0
0
0
0
0
651.533
618.244
0.34571
0
0
0
0
0
0
565.386
131.104
0.931136
600.685
133.099
0.928297
0
0
0
657.357
162.324
0.869996
52.8754
4.82829
0.846634
35.2205
103.733
0.604004
0
0
0
0
0
0
0
0
0
123.283
115.443
0.700753
146.719
262.159
0.754323
142.819
385.411
0.790524
0
0
0
0
0
0
0
0
0
70.5009
356.079
0.379314
99.7601
571.292
0.564943
107.616
714.217
0.0761308
35.2305
4.86141
0.477397
58.7411
4.87007
0.482419
4.83826
4.82609
0.479109
0
0
0
2
571.406
152.64
0.873576
618.26
271.874
0.758534
508.726
260.199
0.649098
354.139
256.326
0.831563
318.983
131.054
0.847093
723.917
275.913
0.594234
890.205
320.968
0.806904
882.395
197.656
0.821618
524.37
618.252
0.37178
0
0
0
0
0
0
657.409
624.124
0.328249
0
0
0
0
0
0
569.249
131.15
0.938924
602.663
133.094
0.873207
0
0
0
661.282
162.319
0.897665
66.4414
4.83152
0.816927
46.9513
107.609
0.547587
0
0
0
0
0
0
0
0
0
133.102
115.47
0.736712
154.597
260.227
0.718746
150.685
383.51
0.840373
0
0
0
0
0
0
0
0
0
86.031
354.117
0.392069
107.59
569.395
0.588449
115.5
714.205
0.10739
48.8563
4.86748
0.411112
70.4997
4.87342
0.441234
0
0
0
0
0
0
4
575.208
154.557
0.839786
620.21
271.943
0.749443
510.689
260.284
0.6097
352.253
256.264
0.838413
309.114
131.01
0.806677
725.854
277.829
0.596389
894.148
320.88
0.831868
892.146
195.686
0.822455
526.286
620.225
0.361668
0
0
0
0
0
0
663.223
626.066
0.340403
0
0
0
0
0
0
569.345
132.998
0.970717
604.577
135.003
0.849294
0
0
0
663.227
160.465
0.909153
72.393
4.83143
0.818057
54.8645
107.621
0.3131
0
0
0
0
0
0
0
0
0
146.706
115.465
0.746501
164.367
262.168
0.759032
162.423
385.418
0.847533
0
0
0
0
0
0
0
0
0
0
0
0
0
0
0
0
0
0
54.7871
4.8659
0.425891
84.1338
4.87392
0.415212
19.5655
4.83946
0.591767
0
0
0
0
0
0
0
0
0
0
0
0
0
0
0
0
0
0
0
0
0
0
0
0
0
0
0
3.88615
365.883
0.199276
21.4397
567.39
0.449651
19.5256
714.185
0.168597
0
0
0
0
0
0
0
0
0
0
0
0
0
0
0
0
0
0
0
0
0
0
0
0
0
0
0
0
0
0
0
0
0
0
0
0
0
0
0
0
0
0
0
0
0
0
0
0
0
0
0
0
0
0
97.7965
354.131
0.374855
117.387
575.212
0.598864
129.161
714.217
0.101017
0
0
0
0
0
0
0
0
0
0
0
0
3
579.098
154.584
0.835644
620.215
271.955
0.747472
510.653
262.152
0.614955
352.185
256.249
0.853728
301.336
131.07
0.836867
725.901
277.818
0.592227
894.139
318.944
0.806499
901.957
195.7
0.837919
526.293
628.029
0.379287
0
0
0
0
0
0
663.268
628.034
0.364292
0
0
0
0
0
0
569.364
133.041
0.975037
606.515
134.986
0.844784
0
0
0
663.254
160.467
0.917202
84.1404
4.82852
0.850412
68.45
111.513
0.292922
4.85386
97.8579
0.0826883
0
0
0
0
0
0
154.541
115.405
0.708525
177.982
260.24
0.758554
172.16
383.564
0.786572
0
0
0
0
0
0
0
0
0
0
0
0
0
0
0
0
0
0
68.3776
4.86254
0.469986
91.9224
4.86898
0.455353
27.4286
4.84023
0.66679
0
0
0
0
0
0
0
0
0
0
0
0
0
0
0
0
0
0
0
0
0
0
0
0
0
0
0
0
0
0
0
0
0
0
0
0
103.693
356.099
0.374053
131.012
571.299
0.596164
140.833
714.205
0.129335
0
0
0
0
0
0
0
0
0
0
0
0
2
577.206
158.452
0.834802
620.2
272.001
0.74841
508.757
262.187
0.609594
350.262
254.379
0.842877
287.627
131.039
0.855487
725.915
279.786
0.587078
896.052
316.887
0.767985
915.594
195.678
0.85257
526.322
628.053
0.367156
0
0
0
0
0
0
663.285
629.984
0.370024
0
0
0
0
0
0
569.325
133.147
0.936178
606.504
135.041
0.837176
0
0
0
663.213
162.293
0.923004
95.9001
4.83454
0.813137
78.2854
113.431
0.69144
4.8387
101.736
0.422405
0
0
0
0
0
0
164.358
115.449
0.729083
183.918
260.262
0.72222
181.941
383.464
0.859911
33.262
352.19
0.44393
45.0154
559.546
0.515479
45.0188
714.178
0.208962
119.359
350.211
0.419421
136.943
569.388
0.608357
144.801
714.205
0.130071
78.2652
4.8672
0.418129
101.819
4.87408
0.423586
39.1862
4.83335
0.740739
0
0
0
2
577.167
158.484
0.850045
620.19
272.023
0.753996
508.751
262.202
0.604413
350.159
254.297
0.821445
273.919
132.964
0.861638
725.899
279.795
0.585107
896.049
309.146
0.763499
927.408
195.732
0.827706
528.247
629.988
0.339679
0
0
0
0
0
0
665.225
628.014
0.351087
0
0
0
0
0
0
569.298
135.01
0.918988
604.621
136.922
0.842786
0
0
0
661.333
162.35
0.920528
103.699
4.83683
0.806471
91.9334
107.619
0.772279
0
0
0
0
0
0
0
0
0
177.959
115.442
0.741875
195.581
262.208
0.772531
193.63
383.567
0.839813
43.0581
352.178
0.471454
58.7221
555.685
0.533854
54.8226
714.178
0.266727
131.082
352.151
0.44937
146.809
569.355
0.615348
160.381
714.204
0.147443
86.0808
4.86776
0.429977
115.43
4.87317
0.454109
50.8727
4.83573
0.767919
0
0
0
2
575.242
158.507
0.85741
616.369
272.022
0.775712
506.781
264.112
0.612323
346.266
254.285
0.783205
258.335
133.068
0.80637
723.925
279.812
0.584434
892.198
305.202
0.752355
935.248
197.625
0.78156
526.32
626.098
0.338936
0
0
0
0
0
0
665.257
620.223
0.352514
0
0
0
0
0
0
567.379
135.022
0.911659
604.585
135.068
0.852536
0
0
0
659.346
162.378
0.893701
115.428
4.82846
0.859021
99.8304
109.563
0.831014
21.4477
101.799
0.777423
4.85168
213.244
0.14567
0
0
0
181.963
115.414
0.721328
207.418
262.145
0.75415
201.555
383.531
0.791662
52.7487
356.111
0.469297
68.4864
555.674
0.55525
64.5513
714.172
0.2605
140.892
354.138
0.434239
160.38
571.278
0.610009
166.338
714.203
0.130382
99.6972
4.86331
0.494916
123.229
4.86918
0.510973
60.6222
4.83496
0.745073
0
0
0
2
573.304
158.454
0.875689
616.274
273.872
0.77833
506.74
266.071
0.619199
338.533
252.354
0.791163
244.602
135.072
0.716282
721.964
279.77
0.580378
884.396
299.314
0.754229
946.924
195.741
0.850829
524.381
629.986
0.348654
0
0
0
0
0
0
665.248
626.075
0.349088
0
0
0
0
0
0
565.446
135.028
0.900269
602.658
135.063
0.879887
0
0
0
655.437
162.373
0.889364
127.187
4.83335
0.834995
101.775
103.756
0.828534
23.5314
105.697
0.779785
4.83344
213.28
0.131874
0
0
0
180.013
103.688
0.731613
213.267
260.241
0.72084
211.346
383.461
0.873839
66.527
352.166
0.490721
80.2422
557.592
0.561132
74.3853
714.165
0.27195
150.681
350.199
0.448656
166.301
569.348
0.60579
177.966
714.204
0.153933
111.466
4.86753
0.438238
133.108
4.87306
0.514434
70.4375
4.83317
0.77989
0
0
0
2
571.378
156.513
0.886408
612.353
273.877
0.737999
502.799
266.071
0.596966
336.554
252.395
0.785412
232.812
142.808
0.71257
716.088
279.803
0.578693
882.372
291.547
0.776212
960.574
199.552
0.844235
522.412
631.963
0.356411
0
0
0
0
0
0
663.267
628.048
0.361062
0
0
0
0
0
0
563.465
135.014
0.893043
600.733
135.013
0.917655
0
0
0
651.576
162.347
0.90066
134.987
4.83196
0.843437
113.449
101.711
0.820419
37.0873
103.753
0.762532
0
0
0
0
0
0
191.704
95.8898
0.651664
225.055
258.303
0.751552
223.034
383.527
0.823911
78.226
350.243
0.482052
88.1002
555.627
0.569654
86.0488
714.171
0.298114
162.381
350.224
0.466289
178.047
567.38
0.613571
187.821
714.202
0.148582
117.33
4.866
0.459895
146.692
4.873
0.50478
82.1407
4.83715
0.761565
0
0
0
2
571.224
154.594
0.90486
606.567
273.882
0.735227
498.889
266.056
0.59069
336.449
250.415
0.747041
223.055
146.785
0.780492
714.108
279.76
0.583468
880.376
287.645
0.790385
966.545
199.562
0.803881
522.396
628.036
0.362024
0
0
0
0
0
0
663.211
628.047
0.360859
0
0
0
0
0
0
557.652
133.123
0.920445
600.616
133.125
0.920161
0
0
0
649.608
162.308
0.916265
146.716
3.88794
0.889532
129.102
109.531
0.789966
46.9202
105.696
0.740865
0
0
0
0
0
0
211.319
111.516
0.633091
238.712
260.262
0.741526
228.992
383.522
0.819879
86.0999
354.142
0.487183
99.7267
557.646
0.563487
93.9356
714.17
0.224818
172.2
354.142
0.437881
187.856
569.349
0.59559
195.636
714.203
0.131417
130.973
4.86135
0.518556
152.667
4.8675
0.56135
89.9844
4.83221
0.778878
0
0
0
2
569.255
152.634
0.885964
606.494
273.903
0.737259
496.939
266.102
0.59033
332.614
248.448
0.729387
209.37
150.662
0.603826
712.199
279.764
0.570572
876.488
283.699
0.73855
978.211
205.408
0.839082
522.362
628.027
0.35605
0
0
0
0
0
0
661.324
626.1
0.352002
0
0
0
0
0
0
555.691
133.077
0.959174
598.656
133.079
0.916776
0
0
0
647.672
162.331
0.933169
156.556
4.83229
0.82218
144.762
109.589
0.803662
56.7675
105.698
0.733136
21.5296
232.838
0.507184
0
0
0
228.896
115.403
0.738286
244.638
260.216
0.712866
242.525
383.549
0.870311
99.771
354.126
0.478355
107.615
557.599
0.559489
103.755
714.162
0.282929
181.939
354.12
0.443068
195.689
569.357
0.628087
207.385
714.203
0.169685
140.87
4.86794
0.444817
164.397
4.87136
0.539023
101.712
4.83048
0.801803
0
0
0
2
567.319
150.719
0.854007
604.551
272.027
0.739621
493.099
264.131
0.600345
330.607
246.506
0.702681
256.235
205.45
0.149405
712.168
277.872
0.57312
872.586
277.853
0.736447
991.887
207.419
0.804328
522.355
628.038
0.353802
0
0
0
0
0
0
661.29
624.11
0.348127
0
0
0
0
0
0
555.59
133.021
0.957052
596.702
133.055
0.899701
0
0
0
647.576
162.308
0.923432
166.269
4.82923
0.852803
154.567
107.646
0.768439
68.5516
103.737
0.781029
37.1024
228.919
0.530752
0
0
0
240.614
115.396
0.755667
258.176
266.055
0.747763
252.391
383.554
0.801413
103.744
352.207
0.457378
119.349
553.74
0.592475
115.355
714.164
0.310517
193.615
354.116
0.469531
209.256
567.359
0.626815
217.159
714.2
0.159839
148.647
4.86547
0.480621
178.02
4.87038
0.556224
113.467
4.83054
0.79738
0
0
0
2
561.533
150.64
0.85433
602.64
271.986
0.752166
493.029
264.137
0.611656
324.828
244.536
0.687796
260.201
211.305
0.126617
712.146
275.883
0.579521
872.622
273.841
0.771204
997.858
213.234
0.771906
522.396
628.04
0.36182
0
0
0
0
0
0
663.248
620.214
0.373022
0
0
0
0
0
0
553.664
131.138
0.909562
592.818
132.969
0.883363
0
0
0
645.643
160.416
0.878311
178.024
3.88475
0.899394
164.353
109.596
0.842986
82.1041
103.724
0.788038
48.9395
227.03
0.527079
0
0
0
252.382
115.498
0.730124
269.983
260.225
0.693073
260.222
383.543
0.833969
115.458
354.124
0.464053
131.032
553.742
0.569737
125.225
714.166
0.287998
201.506
354.134
0.439432
217.206
567.379
0.569477
224.993
714.201
0.147656
162.284
4.86096
0.53107
185.873
4.86655
0.569448
121.315
4.8294
0.782334
0
0
0
2
559.544
150.613
0.878432
602.615
271.927
0.749317
491.12
264.118
0.61058
322.8
242.583
0.595036
270.023
215.196
0.0539855
710.249
273.904
0.581492
868.702
271.945
0.798277
1009.49
223.022
0.804924
522.435
629.984
0.36485
0
0
0
0
0
0
665.213
624.135
0.380355
0
0
0
0
0
0
551.738
131.143
0.904774
588.955
132.956
0.894821
0
0
0
641.758
160.4
0.849075
189.806
4.83135
0.846891
176.071
111.498
0.804647
88.1092
103.745
0.756705
58.7373
230.863
0.446902
0
0
0
258.269
115.487
0.744105
277.854
270.005
0.661453
272.02
383.572
0.86325
131.066
354.13
0.482776
142.8
555.622
0.58341
135.051
714.165
0.323653
211.302
354.143
0.460771
226.968
569.369
0.621096
238.697
714.203
0.154836
174.077
4.86727
0.449023
195.739
4.87204
0.516184
133.079
4.82841
0.81118
0
0
0
2
197.612
4.82844
0.861506
185.853
107.609
0.788041
101.727
101.772
0.811763
68.5187
226.957
0.564462
0
0
0
271.879
115.44
0.753716
291.55
262.16
0.570281
283.673
383.534
0.813485
135.008
352.191
0.468819
150.687
553.739
0.58291
146.691
714.165
0.32977
223.011
354.128
0.461385
240.555
567.389
0.605026
246.524
714.199
0.157047
179.956
4.86381
0.493459
209.35
4.87168
0.547997
146.658
4.82848
0.820507
0
0
0
557.595
150.653
0.90194
602.568
271.881
0.740085
491.047
262.157
0.609567
307.195
240.719
0.597218
0
0
0
710.203
272.018
0.583987
868.656
269.924
0.757242
1021.27
228.916
0.781346
524.341
628.031
0.370791
0
0
0
0
0
0
665.223
624.121
0.374164
0
0
0
0
0
0
549.768
132.958
0.903011
587.034
131.162
0.91166
0
0
0
639.782
158.463
0.829353
2
209.346
3.8851
0.900865
195.678
111.481
0.841135
113.431
101.835
0.799087
82.1557
228.94
0.489562
0
0
0
279.78
115.478
0.729804
303.215
262.158
0.579805
291.517
383.48
0.854017
146.784
352.196
0.492342
160.463
551.755
0.552515
158.447
714.173
0.275095
230.887
354.141
0.450944
246.548
559.581
0.575572
254.323
714.195
0.166807
193.601
4.86037
0.531318
217.209
4.86677
0.571108
154.534
4.8301
0.773886
0
0
0
555.735
150.691
0.906556
602.604
270.009
0.732532
489.155
262.162
0.593803
303.29
240.62
0.5592
0
0
0
710.186
271.969
0.586571
866.72
260.245
0.738448
1025.15
240.601
0.833014
528.288
622.186
0.343405
0
0
0
0
0
0
671.059
616.291
0.379865
0
0
0
0
0
0
547.816
132.997
0.916684
586.902
131.152
0.946637
0
0
0
637.823
154.558
0.832363
2
219.156
4.82894
0.855047
205.436
111.535
0.810558
117.432
103.687
0.815821
86.1647
232.828
0.493884
93.9088
195.612
0.263236
287.668
115.509
0.759073
307.235
262.179
0.621369
301.332
383.5
0.843794
156.489
350.246
0.47882
168.242
553.723
0.584134
164.338
714.173
0.313189
240.632
352.182
0.484805
256.355
561.536
0.597213
267.995
714.196
0.162072
201.511
4.86529
0.459529
226.96
4.87203
0.536822
164.289
4.82735
0.831688
0
0
0
555.627
148.793
0.940218
602.64
269.996
0.724386
491.036
264.103
0.586162
311.07
240.724
0.505123
0
0
0
710.249
271.922
0.596294
866.68
258.285
0.733927
1025.31
252.343
0.758752
534.127
620.214
0.347735
0
0
0
0
0
0
675.006
612.369
0.378235
0
0
0
0
0
0
545.832
131.125
0.881827
585.084
131.054
0.918229
0
0
0
635.891
154.543
0.84342
2
225.059
3.88471
0.90998
209.404
111.548
0.854739
125.24
105.627
0.78521
93.9099
232.806
0.311149
0
0
0
295.449
115.455
0.717839
318.937
252.391
0.606633
307.157
383.447
0.842878
164.284
350.198
0.503076
177.966
551.74
0.585921
172.183
714.172
0.282375
248.468
350.235
0.461026
262.175
559.597
0.587459
270.021
714.191
0.188952
209.293
4.86031
0.551186
236.711
4.86756
0.575663
172.151
4.831
0.773182
0
0
0
553.742
150.648
0.919532
602.619
269.982
0.718229
489.128
262.185
0.577615
318.838
242.589
0.535877
0
0
0
712.151
271.893
0.586942
866.694
258.282
0.748367
1031.06
258.239
0.801059
536.057
622.172
0.341109
0
0
0
0
0
0
673.047
614.319
0.370132
0
0
0
0
0
0
541.982
132.992
0.902579
584.901
131.022
0.894166
0
0
0
633.994
152.602
0.875682
2
230.893
4.82826
0.849799
215.26
111.545
0.81017
131.142
105.697
0.793828
99.8221
226.937
0.257659
97.834
211.306
0.186802
303.257
115.484
0.76117
320.881
244.551
0.653848
314.955
383.46
0.777911
170.236
348.281
0.473257
182.004
553.716
0.567595
177.971
714.172
0.300166
256.275
352.154
0.480535
271.877
569.304
0.603011
279.766
714.2
0.162173
213.23
4.86464
0.46227
242.526
4.87219
0.548916
178.078
4.82747
0.836079
0
0
0
553.585
150.664
0.891973
600.717
269.946
0.725444
489.108
262.181
0.577175
318.885
242.617
0.490707
0
0
0
710.204
269.992
0.593636
856.988
260.253
0.660387
1027.22
262.167
0.750847
538.076
622.161
0.343645
0
0
0
0
0
0
678.896
612.362
0.381586
0
0
0
0
0
0
539.987
132.976
0.959288
579.159
131.093
0.862375
0
0
0
633.878
150.683
0.912355
2
240.542
3.87947
0.906766
224.897
113.473
0.850652
135.017
107.609
0.782355
113.42
225.025
0.36205
97.8457
221.063
0.314678
307.212
117.339
0.740736
324.759
246.55
0.610755
318.967
383.423
0.853064
178.013
348.263
0.517173
185.884
555.682
0.574024
180.072
714.165
0.364609
260.21
348.248
0.47928
273.917
567.358
0.618585
285.641
714.195
0.206717
223.006
4.86227
0.509891
246.5
4.86764
0.561539
181.937
4.83079
0.808812
0
0
0
549.814
150.727
0.846906
600.661
269.942
0.734959
489.104
264.118
0.572215
316.955
240.615
0.48969
150.668
223.041
0.0850106
710.16
269.998
0.5932
856.974
264.163
0.655237
1027.15
268.009
0.741077
538.057
624.125
0.334562
0
0
0
0
0
0
678.88
612.381
0.372799
0
0
0
0
0
0
538.107
133.008
0.968259
575.216
132.958
0.882013
0
0
0
632.005
150.642
0.922188
2
242.555
3.8788
0.928147
226.951
113.416
0.857992
144.71
107.581
0.773
115.393
232.822
0.38837
91.9314
221.089
0.431586
315.02
115.483
0.731389
332.609
258.237
0.601888
320.982
383.41
0.838583
180.036
348.274
0.514234
193.7
553.655
0.603962
185.895
714.169
0.284854
264.15
350.21
0.463991
275.933
565.401
0.588862
287.548
714.194
0.181993
224.999
4.86058
0.565624
254.298
4.8659
0.612514
187.858
4.83192
0.802465
0
0
0
547.83
150.715
0.831771
600.627
268.032
0.733182
489.097
262.207
0.573066
320.878
242.559
0.487601
164.32
226.952
0.0709969
708.243
269.944
0.582377
860.866
268.006
0.663606
1025.2
270.025
0.77391
540
626.075
0.357932
0
0
0
0
0
0
678.93
612.368
0.380011
0
0
0
0
0
0
538.024
132.986
0.95264
573.316
131.155
0.888339
0
0
0
631.984
150.623
0.925518
2
246.514
4.82687
0.853529
230.89
113.446
0.813524
146.781
105.702
0.781379
115.469
232.821
0.34557
101.692
225.001
0.269197
318.864
117.334
0.746458
334.629
254.357
0.545129
326.737
383.49
0.780946
185.875
348.245
0.481801
195.72
555.676
0.583732
191.729
714.175
0.292283
271.875
348.256
0.474424
285.594
567.407
0.581388
291.517
714.196
0.175725
227.002
4.86404
0.470529
258.156
4.87214
0.56217
193.684
4.82882
0.8268
0
0
0
547.788
150.72
0.828561
598.729
268.015
0.727327
485.232
262.145
0.57948
322.817
242.643
0.559334
164.338
227.054
0.196874
708.237
266.103
0.576091
866.658
268.063
0.713374
1023.32
271.91
0.789212
540.067
620.238
0.34572
0
0
0
0
0
0
680.866
606.511
0.369807
0
0
0
0
0
0
538.002
132.971
0.957461
573.276
131.155
0.900303
0
0
0
631.979
150.627
0.919297
2
0
0
0
238.663
113.509
0.840034
150.648
107.645
0.773082
117.387
236.727
0.341182
103.671
226.977
0.302
320.911
117.36
0.741851
336.601
262.168
0.542565
334.479
383.474
0.816407
191.695
350.23
0.484199
199.581
555.69
0.574546
195.652
714.169
0.32734
273.869
350.239
0.470987
287.676
567.372
0.606313
297.39
714.195
0.205824
0
0
0
0
0
0
195.698
4.82857
0.807276
0
0
0
547.857
150.69
0.842608
600.674
268.058
0.72738
489.103
264.144
0.563195
320.86
242.571
0.633456
164.421
227.051
0.322721
710.158
267.998
0.586621
866.677
270.031
0.765552
1025.22
270.008
0.779603
547.812
624.135
0.337732
0
0
0
0
0
0
686.716
608.46
0.374138
0
0
0
0
0
0
538.056
132.96
0.974876
573.311
131.156
0.896481
0
0
0
632.015
150.624
0.921592
2
0
0
0
240.689
113.503
0.86218
154.566
109.533
0.757328
129.155
232.842
0.33719
105.673
226.996
0.423864
326.759
117.359
0.719012
340.454
256.29
0.509146
336.484
383.461
0.857869
193.745
348.268
0.530803
207.365
551.766
0.570181
197.659
714.162
0.304877
277.804
350.196
0.475212
289.647
565.427
0.601479
303.184
714.194
0.20539
0
0
0
0
0
0
199.59
4.82943
0.790348
0
0
0
551.731
150.688
0.874305
602.628
269.956
0.737208
491.126
266.097
0.582546
332.559
246.534
0.586491
166.365
230.85
0.108857
710.216
268.042
0.59336
866.753
269.961
0.741355
1025.18
269.942
0.7762
553.639
622.167
0.344713
0
0
0
0
0
0
692.582
604.557
0.388107
0
0
0
0
0
0
539.955
132.984
0.970484
577.209
131.148
0.885255
0
0
0
633.885
150.651
0.914004
2
0
0
0
242.677
113.443
0.850432
160.435
107.626
0.765283
131.107
232.821
0.356426
113.447
227
0.376381
332.544
117.314
0.719668
348.219
258.235
0.538131
338.471
383.48
0.818714
195.665
348.26
0.509289
209.351
553.653
0.589991
199.599
714.168
0.275102
281.731
350.207
0.459617
295.413
565.421
0.56969
303.232
714.197
0.167457
0
0
0
0
0
0
207.325
4.83068
0.804988
0
0
0
553.703
150.686
0.900345
604.57
269.961
0.728524
493.047
268.008
0.597701
336.53
250.424
0.545844
193.601
240.594
0.0717176
712.221
268.039
0.583149
866.702
269.958
0.698969
1025.25
266.084
0.743864
555.617
622.182
0.351482
0
0
0
0
0
0
694.581
610.447
0.397393
0
0
0
0
0
0
541.973
133.012
0.929389
582.98
131.1
0.894061
0
0
0
635.872
150.661
0.874135
2
555.596
150.643
0.923288
606.569
269.96
0.718591
496.992
268.019
0.582627
338.513
252.387
0.546024
178.028
230.894
0.13597
716.065
268.019
0.581927
868.665
268.075
0.722677
1031.09
262.146
0.734347
557.583
620.229
0.355818
0
0
0
0
0
0
696.522
606.536
0.379242
0
0
0
0
0
0
545.837
133.006
0.909789
584.969
131.054
0.944056
0
0
0
639.759
150.666
0.852725
0
0
0
244.638
113.458
0.823037
162.4
107.645
0.773469
131.139
232.827
0.348274
115.472
228.89
0.354369
334.48
115.502
0.739742
350.209
256.303
0.546189
340.436
383.532
0.77101
199.604
348.255
0.495618
211.297
553.72
0.615018
203.463
714.167
0.303746
287.533
350.213
0.472348
297.393
563.487
0.564654
303.252
714.194
0.16834
0
0
0
0
0
0
209.325
4.82636
0.848996
0
0
0
2
0
0
0
250.408
115.344
0.814926
164.346
109.558
0.786036
131.125
238.664
0.383233
115.433
226.96
0.305356
334.596
117.358
0.753168
352.136
258.238
0.562825
344.335
383.539
0.763972
203.493
348.262
0.493892
213.263
549.787
0.580252
207.402
714.168
0.306242
287.6
350.221
0.479823
301.326
567.354
0.574996
305.229
714.194
0.155654
0
0
0
0
0
0
211.233
4.82504
0.849194
0
0
0
557.592
150.674
0.864431
614.322
269.962
0.732544
504.741
268.01
0.598054
342.4
254.294
0.546651
178.068
229.038
0.118387
721.92
268.045
0.576642
868.72
268.047
0.698983
1031.07
260.285
0.73685
559.562
620.224
0.346179
0
0
0
0
0
0
698.455
606.522
0.37443
0
0
0
0
0
0
551.74
132.961
0.939968
586.934
131.095
0.935961
0
0
0
645.646
150.674
0.882829
2
565.383
148.779
0.858562
618.191
269.961
0.747639
508.73
269.973
0.609873
344.343
254.286
0.533857
117.348
228.908
0.325114
723.924
268.045
0.589137
872.643
266.119
0.685696
1036.91
258.347
0.781269
561.526
620.214
0.349719
0
0
0
0
0
0
702.381
606.508
0.374347
0
0
0
0
0
0
553.75
131.115
0.960039
590.897
131.063
0.886491
0
0
0
647.65
150.678
0.907831
0
0
0
252.353
113.505
0.8198
164.393
109.584
0.78672
133.124
234.792
0.312469
0
0
0
336.486
117.341
0.752386
352.165
256.284
0.581337
348.189
383.512
0.792872
203.472
348.272
0.488439
213.319
555.643
0.595402
209.289
714.168
0.298808
289.515
350.21
0.47635
303.227
569.321
0.609455
305.244
714.201
0.137759
0
0
0
0
0
0
211.278
4.82688
0.827509
0
0
0
2
569.37
150.652
0.911034
618.266
269.982
0.749192
508.728
269.932
0.62071
348.207
254.311
0.556871
179.997
230.875
0.0666382
725.905
269.944
0.598891
880.423
269.999
0.744343
1036.97
258.343
0.786033
563.496
618.266
0.344454
0
0
0
0
0
0
706.28
608.47
0.370797
0
0
0
0
0
0
557.634
133.015
0.943146
598.641
131.073
0.903884
0
0
0
649.624
150.698
0.893465
0
0
0
252.367
113.495
0.820679
164.409
109.576
0.781238
136.934
230.865
0.341237
117.366
224.985
0.320845
336.494
117.317
0.745527
352.265
256.284
0.557478
348.213
383.492
0.805393
205.423
348.232
0.493818
215.236
551.734
0.564752
209.294
714.165
0.302277
289.536
348.244
0.476332
303.247
565.406
0.596909
307.176
714.199
0.150474
0
0
0
0
0
0
211.307
4.82759
0.825934
0
0
0
2
0
0
0
252.38
113.512
0.826258
164.409
111.477
0.788144
138.923
228.899
0.335284
127.163
221.1
0.21627
336.508
117.335
0.749302
354.141
256.264
0.579102
348.231
383.515
0.803839
205.422
346.325
0.491885
215.24
551.73
0.581179
209.295
714.166
0.300969
289.519
348.245
0.482664
303.225
561.529
0.591292
307.183
714.199
0.156151
0
0
0
0
0
0
211.306
4.82703
0.829038
0
0
0
571.349
150.635
0.905356
620.279
270.016
0.727617
510.649
268.023
0.600566
350.234
254.332
0.553011
180.072
234.754
0.131785
731.723
270.018
0.588982
884.34
270.022
0.754644
1038.89
258.306
0.809546
569.361
616.301
0.334706
0
0
0
0
0
0
710.194
608.491
0.385061
0
0
0
0
0
0
563.504
132.965
0.91237
602.527
131.066
0.940181
0
0
0
657.374
150.659
0.852906
2
0
0
0
252.352
115.349
0.824084
164.414
111.5
0.786299
136.995
226.937
0.290936
131.086
224.989
0.164379
336.499
117.34
0.746035
354.167
256.295
0.604055
348.253
385.409
0.799145
203.496
348.267
0.482212
215.237
551.752
0.585522
209.307
714.168
0.303553
289.501
350.193
0.481643
303.235
567.374
0.598263
307.178
714.198
0.152828
0
0
0
0
0
0
211.303
4.82566
0.838162
0
0
0
581.041
148.795
0.857579
630.005
271.886
0.743586
520.396
269.986
0.607257
352.121
254.357
0.542182
189.698
228.902
0.128944
739.59
270.028
0.603417
886.349
271.891
0.718971
1040.89
258.311
0.813416
571.366
618.245
0.336655
0
0
0
0
0
0
712.165
608.458
0.370827
0
0
0
0
0
0
569.395
131.126
0.962041
606.55
131.075
0.892295
0
0
0
663.269
150.729
0.894801
2
586.873
150.712
0.910665
633.977
271.916
0.75895
522.433
269.985
0.638207
352.235
254.363
0.555383
195.686
226.973
0.0579276
743.512
271.9
0.610297
896.073
271.952
0.748774
1048.71
258.294
0.78121
577.199
620.204
0.337167
0
0
0
0
0
0
716.119
610.416
0.376224
0
0
0
0
0
0
575.19
133.036
0.921011
616.234
131.085
0.941081
0
0
0
667.222
152.59
0.849588
0
0
0
252.357
115.37
0.828233
164.4
111.544
0.79374
138.936
226.952
0.276743
127.154
223.044
0.337551
336.507
117.356
0.744718
356.114
256.283
0.581707
348.252
385.398
0.79749
203.504
350.179
0.479957
215.227
551.729
0.588358
209.324
714.167
0.311831
287.672
350.229
0.478953
303.231
567.361
0.59574
305.264
714.198
0.155554
0
0
0
0
0
0
211.304
4.8256
0.838488
0
0
0
2
0
0
0
250.462
115.379
0.829374
164.365
113.427
0.803534
136.965
228.91
0.286873
131.025
221.09
0.188051
336.499
117.365
0.751091
358.051
256.302
0.560651
348.249
383.57
0.797692
203.462
350.177
0.475173
213.334
553.645
0.589987
209.287
714.172
0.290045
289.52
350.215
0.473197
303.231
567.409
0.609167
305.24
714.198
0.155792
0
0
0
0
0
0
211.287
4.82522
0.842999
0
0
0
594.777
150.662
0.841811
643.68
271.971
0.738347
530.232
271.882
0.617825
356.096
254.332
0.550297
207.359
226.976
0.177797
753.273
271.935
0.613014
900.083
272.04
0.75275
1054.54
258.319
0.822071
585.003
620.21
0.341425
0
0
0
0
0
0
723.911
608.491
0.374013
0
0
0
0
0
0
584.987
132.977
0.954462
622.144
131.159
0.880503
0
0
0
678.829
152.645
0.866755
2
0
0
0
250.438
115.377
0.825624
164.351
113.404
0.805698
133.003
228.911
0.315055
0
0
0
336.474
117.38
0.752017
358.017
260.202
0.54011
346.334
385.469
0.781713
203.455
350.24
0.471067
213.283
553.707
0.589216
209.258
714.174
0.287682
289.516
352.187
0.46932
303.234
567.357
0.604817
305.245
714.193
0.188328
0
0
0
0
0
0
211.265
3.8904
0.844894
0
0
0
602.565
152.649
0.898481
649.549
273.848
0.77286
538.081
271.997
0.627653
358.017
254.288
0.532145
209.361
226.886
0.278162
759.133
271.951
0.618322
907.843
273.9
0.72418
1056.52
258.317
0.815274
588.911
620.208
0.341336
0
0
0
0
0
0
727.816
612.399
0.374474
0
0
0
0
0
0
590.885
134.996
0.90226
630.032
133.073
0.900406
0
0
0
682.805
156.498
0.843723
2
612.42
152.642
0.834322
657.406
273.888
0.734332
547.815
273.861
0.622994
361.937
252.395
0.553121
221.082
227.036
0.142563
768.902
273.845
0.599156
913.751
274.001
0.746209
1066.33
258.322
0.779423
596.713
624.14
0.334102
0
0
0
0
0
0
737.581
614.348
0.37412
0
0
0
0
0
0
600.724
133.156
0.939007
639.815
133.045
0.852994
0
0
0
694.556
160.366
0.890371
0
0
0
250.435
115.378
0.829955
164.373
111.523
0.799953
133.04
236.743
0.360477
0
0
0
336.461
117.395
0.755157
358.054
256.305
0.530482
346.312
385.475
0.765361
203.486
350.215
0.471004
213.273
553.714
0.579437
209.258
714.175
0.285364
287.665
352.173
0.476809
303.229
569.298
0.605984
305.259
714.194
0.167868
0
0
0
0
0
0
211.255
3.89013
0.855594
0
0
0
2
0
0
0
250.461
115.382
0.826547
164.386
111.521
0.803756
133.086
240.637
0.354424
148.727
224.963
0.195817
336.47
117.409
0.752772
356.119
258.273
0.566258
346.306
387.367
0.766467
205.42
350.246
0.47383
213.267
553.638
0.573399
207.414
714.174
0.283402
287.633
352.166
0.483173
303.204
567.354
0.59041
307.17
714.193
0.165156
0
0
0
0
0
0
211.252
3.88964
0.857272
0
0
0
618.34
154.57
0.874408
665.267
273.926
0.768498
555.667
273.918
0.625367
360.008
250.404
0.516627
226.972
227.006
0.135028
774.822
273.881
0.596596
927.388
275.843
0.741571
1072.16
258.262
0.837747
602.602
628.051
0.34525
0
0
0
0
0
0
743.501
616.325
0.384301
0
0
0
0
0
0
612.349
133.159
0.912822
647.677
133.06
0.9049
0
0
0
700.466
160.444
0.850381
2
0
0
0
252.345
115.409
0.826799
164.404
111.491
0.792368
134.972
242.64
0.442638
0
0
0
336.467
117.444
0.750773
354.164
262.162
0.624477
346.279
387.385
0.768738
205.393
350.248
0.473569
213.295
549.78
0.575813
207.397
714.17
0.299101
287.611
352.143
0.495449
303.163
565.407
0.57496
307.164
714.192
0.164568
0
0
0
0
0
0
211.25
3.88905
0.86361
0
0
0
631.919
152.655
0.898508
675.016
273.926
0.745825
567.377
273.91
0.623005
363.866
252.341
0.455492
238.692
232.829
0.0774502
784.58
273.892
0.586111
933.252
275.881
0.723339
1083.89
258.231
0.818079
608.5
626.089
0.334528
0
0
0
0
0
0
751.293
616.275
0.366315
0
0
0
0
0
0
618.355
134.962
0.924867
661.265
133.097
0.876353
0
0
0
712.125
162.33
0.916327
2
0
0
0
250.448
115.439
0.823156
164.368
111.528
0.793249
136.979
248.493
0.446342
0
0
0
334.627
117.452
0.751503
354.115
271.915
0.629548
344.355
385.5
0.772522
203.488
352.143
0.468604
213.251
549.801
0.577404
207.348
714.171
0.296796
287.597
350.247
0.494717
301.313
557.634
0.579345
307.204
714.19
0.175435
0
0
0
0
0
0
211.246
3.88486
0.867376
0
0
0
641.708
154.546
0.828855
682.836
273.971
0.751878
571.368
273.943
0.620756
363.893
250.421
0.422563
246.563
227.078
0.273867
792.409
273.935
0.58363
944.979
275.897
0.756159
1087.85
258.177
0.840363
618.259
628.051
0.350759
0
0
0
0
0
0
759.136
616.306
0.382971
0
0
0
0
0
0
631.927
133.141
0.953855
669.125
134.979
0.836845
0
0
0
721.977
162.415
0.891089
2
0
0
0
250.432
115.456
0.822977
164.362
111.53
0.796179
136.974
244.573
0.477321
0
0
0
334.618
119.313
0.746806
352.274
271.993
0.674057
342.429
387.419
0.764649
203.467
350.206
0.465868
213.246
549.753
0.589652
207.341
714.167
0.307641
287.574
350.185
0.499021
301.295
557.638
0.584221
307.187
714.19
0.171542
0
0
0
0
0
0
211.255
3.88249
0.870066
0
0
0
649.562
154.543
0.89745
694.57
275.86
0.752188
584.948
273.974
0.600848
418.697
256.284
0.530547
258.246
228.919
0.322248
806.063
274.003
0.574245
948.919
277.801
0.71594
1099.56
256.383
0.833898
628.026
626.09
0.336556
0
0
0
0
0
0
770.879
616.335
0.372328
0
0
0
0
0
0
641.694
135.032
0.89063
678.884
134.972
0.898232
0
0
0
729.773
162.409
0.893309
2
0
0
0
250.429
115.461
0.823678
164.341
111.538
0.805538
135.041
240.665
0.491473
0
0
0
334.605
119.331
0.749653
352.214
273.93
0.739968
342.379
389.326
0.772045
201.543
350.23
0.467965
211.364
549.792
0.59081
203.488
714.167
0.286455
287.553
350.203
0.498239
301.28
557.633
0.590584
305.265
714.194
0.152733
0
0
0
0
0
0
211.254
3.88087
0.872045
0
0
0
661.311
154.555
0.872799
702.385
275.856
0.73152
590.898
273.97
0.611522
430.378
256.324
0.714317
342.37
244.578
0.12057
815.846
275.88
0.57034
960.681
277.874
0.75121
1103.53
256.362
0.850974
631.995
629.983
0.343906
0
0
0
0
0
0
774.744
616.301
0.366774
0
0
0
0
0
0
649.589
133.149
0.959251
690.638
134.998
0.863566
0
0
0
741.477
162.478
0.931121
2
0
0
0
248.512
115.429
0.823692
164.322
111.524
0.793947
133.129
240.63
0.488048
0
0
0
334.569
119.316
0.751756
352.178
273.963
0.758594
340.417
387.392
0.778325
201.506
350.189
0.466314
211.284
551.756
0.598546
203.452
714.167
0.292835
287.523
348.282
0.490711
301.242
567.407
0.577573
305.228
714.193
0.164069
0
0
0
0
0
0
211.224
3.87889
0.876092
0
0
0
667.187
154.595
0.865458
712.143
275.881
0.762963
602.624
274
0.611086
432.418
256.303
0.715478
338.493
244.556
0.151369
821.706
275.893
0.597499
966.503
275.95
0.717741
1115.2
256.327
0.837699
639.786
624.136
0.332581
0
0
0
0
0
0
782.605
616.267
0.357671
0
0
0
0
0
0
661.249
133.155
0.911191
696.595
135.026
0.860369
0
0
0
747.403
164.333
0.879918
2
262.203
13.6711
0.809954
248.499
115.409
0.823276
164.319
111.493
0.785325
133.046
230.872
0.530348
0
0
0
334.551
119.336
0.747506
352.101
273.907
0.791115
338.532
385.466
0.794701
197.591
350.186
0.492141
211.252
553.7
0.61685
201.55
714.168
0.303909
285.671
350.189
0.490158
299.315
563.477
0.572163
305.213
714.191
0.173818
242.69
4.85118
0.658536
273.882
4.85404
0.776799
209.395
3.88014
0.876663
0
0
0
678.909
154.567
0.889907
716.118
277.819
0.720699
602.65
275.853
0.593953
442.157
256.346
0.737283
344.332
244.618
0.246641
829.585
277.825
0.570054
976.274
279.788
0.742615
1119.14
256.338
0.848278
647.586
628.034
0.332844
0
0
0
0
0
0
790.432
618.232
0.362205
0
0
0
0
0
0
667.189
135.015
0.907153
710.11
135.07
0.881072
0
0
0
757.237
164.382
0.93121
2
262.18
13.6676
0.808169
248.51
115.391
0.818203
164.327
111.485
0.77159
133.052
228.926
0.552203
0
0
0
334.551
119.328
0.750606
350.284
273.93
0.781366
338.497
385.483
0.796613
197.618
348.267
0.491955
209.426
555.603
0.612774
201.522
714.168
0.277404
285.65
348.275
0.496249
297.39
561.522
0.564581
305.189
714.193
0.164155
242.672
4.85055
0.662263
273.851
4.85431
0.773986
209.383
3.87855
0.873065
0
0
0
688.697
154.54
0.845585
725.815
275.934
0.751439
614.352
275.848
0.588798
446.071
256.355
0.76014
346.288
244.607
0.223997
835.471
277.793
0.595528
980.246
279.797
0.717839
1128.91
256.34
0.823365
651.563
626.083
0.326579
0
0
0
0
0
0
794.378
618.243
0.352255
0
0
0
0
0
0
678.905
133.12
0.922658
718.07
136.955
0.814552
0
0
0
763.091
164.449
0.858703
2
262.18
13.6774
0.808715
248.516
115.401
0.808319
164.33
111.507
0.775169
133.033
230.892
0.558159
0
0
0
334.534
119.31
0.748282
352.098
273.909
0.805436
338.493
385.466
0.807729
199.554
348.262
0.490447
209.411
555.617
0.612326
201.53
714.168
0.284015
285.67
348.279
0.501283
299.297
567.357
0.565593
303.251
714.193
0.170015
242.658
4.8503
0.662359
273.849
4.85459
0.76847
209.371
3.88002
0.865287
0
0
0
696.561
156.517
0.895265
731.725
277.795
0.723604
620.224
275.84
0.594645
451.938
256.345
0.721959
346.302
242.687
0.201239
843.271
275.937
0.580177
991.901
281.702
0.74239
1134.72
256.382
0.850954
661.262
624.133
0.345171
0
0
0
0
0
0
804.085
624.108
0.376739
0
0
0
0
0
0
686.738
135.021
0.858869
727.784
136.99
0.845834
0
0
0
774.742
164.442
0.927896
2
262.161
13.6725
0.808934
248.45
115.38
0.811447
164.3
109.598
0.772495
133.026
232.806
0.563791
0
0
0
334.496
117.471
0.747203
350.285
273.914
0.801386
338.466
385.459
0.816142
197.639
346.326
0.494211
209.395
553.716
0.592842
203.439
714.172
0.263636
285.644
348.237
0.49751
297.38
565.449
0.563397
303.274
714.191
0.178443
242.64
4.85016
0.661685
273.834
4.85509
0.764223
209.359
3.88067
0.864125
0
0
0
708.29
158.43
0.875722
739.546
275.882
0.743242
624.133
273.926
0.594616
459.778
256.344
0.76505
352.218
242.67
0.164835
851.132
275.917
0.599489
993.984
281.751
0.737958
1142.63
256.377
0.815403
663.254
626.088
0.362444
0
0
0
0
0
0
806.072
626.074
0.378854
0
0
0
0
0
0
696.443
135.052
0.887754
737.628
138.931
0.828839
680.839
148.687
0.0636259
780.691
166.27
0.851321
2
260.252
13.6746
0.824126
246.52
115.404
0.8214
162.444
111.511
0.78276
131.151
232.812
0.560394
0
0
0
332.643
119.323
0.740456
350.229
273.958
0.803303
336.608
385.447
0.829282
195.691
348.251
0.518987
209.367
555.672
0.647193
203.456
714.174
0.260779
281.729
348.279
0.492143
295.449
569.313
0.572671
303.292
714.193
0.177576
242.566
4.84962
0.682963
272.019
4.85625
0.75959
209.293
3.88266
0.862749
0
0
0
716.111
160.369
0.869908
743.512
275.887
0.762037
631.998
273.974
0.601698
461.675
256.381
0.755679
350.242
242.559
0.135065
853.105
275.89
0.611887
999.799
283.649
0.698601
1148.44
258.211
0.841819
665.263
624.148
0.370038
0
0
0
0
0
0
808.08
626.09
0.365165
0
0
0
0
0
0
704.308
136.929
0.83099
745.435
142.81
0.835941
682.894
146.749
0.166029
788.556
166.324
0.911488
2
260.213
15.599
0.836478
246.508
115.377
0.815702
162.424
111.489
0.771029
131.143
230.893
0.559761
0
0
0
334.48
119.323
0.741488
350.193
273.983
0.787206
336.56
385.467
0.828854
197.579
350.194
0.511402
209.329
553.706
0.611665
199.595
714.165
0.277218
283.695
350.188
0.498629
293.495
569.331
0.579821
303.2
714.198
0.154488
242.526
4.84928
0.704193
271.976
4.85744
0.754392
209.255
3.87958
0.8628
0
0
0
725.855
160.397
0.904555
747.433
275.894
0.730039
635.856
273.946
0.605801
463.704
258.288
0.717364
307.168
226.898
0.643927
860.85
275.883
0.612885
1007.64
283.707
0.753329
1150.47
258.228
0.855602
673.019
624.12
0.357121
0
0
0
0
0
0
813.937
618.289
0.366273
0
0
0
0
0
0
710.272
135.08
0.864403
757.058
140.874
0.836788
694.565
148.625
0.227857
792.42
166.351
0.856029
2
260.194
15.6179
0.843543
244.603
113.515
0.823749
162.378
111.498
0.771643
131.141
232.842
0.537907
0
0
0
332.616
117.443
0.744955
350.193
273.97
0.800791
336.549
385.444
0.827053
195.681
348.28
0.521044
209.296
553.68
0.604813
199.54
714.161
0.2754
283.655
348.282
0.493097
293.46
569.297
0.586275
303.21
714.198
0.156542
240.735
4.84923
0.71575
271.956
4.85689
0.76355
207.416
3.87951
0.862548
0
0
0
733.708
160.444
0.858664
751.326
275.875
0.727092
635.859
273.896
0.622546
473.421
264.151
0.721136
313.052
226.892
0.584848
866.676
275.905
0.620881
1013.5
287.567
0.763819
1154.38
258.304
0.794345
676.916
622.188
0.359151
0
0
0
0
0
0
817.801
620.225
0.377686
0
0
0
0
0
0
716.07
136.931
0.842961
761.069
140.888
0.82669
694.659
148.643
0.59504
800.245
166.269
0.865458
2
258.332
15.6232
0.857004
244.581
115.405
0.836407
162.318
111.512
0.768821
131.077
228.967
0.553389
0
0
0
332.621
119.31
0.734703
348.245
273.967
0.789614
336.512
385.48
0.840225
195.661
350.245
0.529478
209.273
553.743
0.63116
197.666
714.163
0.298591
281.738
352.15
0.488441
293.486
569.31
0.591495
301.333
714.197
0.155727
240.69
4.8495
0.72167
271.92
4.85643
0.765708
207.379
3.88167
0.864595
0
0
0
741.555
160.397
0.902373
755.207
273.998
0.748369
639.765
272.008
0.605739
475.459
272.012
0.728982
318.915
227.007
0.692473
866.791
275.844
0.641153
1015.42
291.523
0.707447
1152.38
264.127
0.767104
676.936
620.22
0.367208
0
0
0
0
0
0
815.845
618.254
0.372923
0
0
0
0
0
0
723.872
135.005
0.86878
770.785
138.91
0.822751
696.475
150.671
0.788661
804.143
164.385
0.926652
2
258.271
15.6383
0.85946
242.697
115.427
0.847798
160.435
111.53
0.760952
131.036
230.881
0.523989
0
0
0
332.574
119.329
0.718321
348.217
271.961
0.726699
336.478
385.503
0.828973
195.583
352.156
0.523862
209.241
553.719
0.602138
197.633
714.159
0.294802
277.844
352.186
0.479399
291.543
567.349
0.594833
299.345
714.196
0.167866
240.658
4.8489
0.736778
271.84
4.85528
0.747961
207.342
3.88185
0.848311
0
0
0
745.396
158.498
0.878424
755.235
273.938
0.760255
641.742
271.931
0.627606
475.448
287.542
0.798284
324.787
240.567
0.620833
866.742
273.971
0.657632
1013.46
305.204
0.764104
1148.55
273.974
0.8307
675.015
622.16
0.362064
0
0
0
0
0
0
815.849
622.179
0.354291
0
0
0
0
0
0
725.904
134.981
0.927785
772.82
136.929
0.887078
696.534
156.491
0.844786
806.008
162.462
0.958136
2
258.246
15.6288
0.862127
242.685
115.495
0.837983
160.393
113.425
0.761312
130.998
228.943
0.545957
0
0
0
332.591
121.271
0.70496
342.389
269.987
0.682726
336.468
385.44
0.836028
195.59
352.194
0.515843
205.463
555.635
0.565416
197.638
714.164
0.281822
279.757
354.148
0.476019
291.543
569.325
0.601817
299.367
714.194
0.168881
240.64
4.84896
0.74382
270.015
4.85508
0.732177
205.442
3.88186
0.840404
0
0
0
747.439
154.604
0.81362
757.116
273.952
0.777467
645.629
271.941
0.643767
479.328
301.287
0.750026
338.484
260.216
0.437837
866.758
275.891
0.63233
1011.54
320.788
0.72837
1138.74
291.556
0.755782
675.014
624.118
0.353636
0
0
0
0
0
0
815.854
626.074
0.351635
0
0
0
0
0
0
727.779
133.11
0.943969
774.717
133.15
0.925907
696.546
156.518
0.868757
805.997
162.445
0.946669
2
258.236
15.628
0.865997
242.595
117.322
0.846399
158.489
113.461
0.763994
129.167
232.839
0.518025
0
0
0
328.711
119.379
0.690808
344.347
273.923
0.638147
336.458
385.477
0.809458
193.728
354.111
0.500766
207.344
555.653
0.60791
197.64
714.166
0.299629
277.854
354.163
0.465093
289.637
565.406
0.592476
301.278
714.196
0.169802
240.622
4.84948
0.734758
270.003
4.85506
0.7297
203.5
3.88581
0.830262
0
0
0
749.321
152.643
0.806423
753.267
275.836
0.743146
637.827
273.85
0.633746
487.16
318.959
0.75874
352.17
289.65
0.410854
864.79
277.861
0.606904
1007.67
336.615
0.769366
1130.84
318.85
0.808056
669.159
622.186
0.366145
0
0
0
0
0
0
809.979
624.122
0.360402
0
0
0
0
0
0
727.766
133.082
0.944291
772.91
133.086
0.969119
696.461
154.6
0.886925
804.164
162.354
0.93408
2
258.2
15.6258
0.869404
242.545
117.335
0.855398
158.463
113.431
0.758084
129.165
228.956
0.538716
0
0
0
326.738
119.41
0.685861
338.516
268.054
0.645114
348.241
318.937
0.15892
193.736
352.194
0.514451
205.437
555.636
0.600195
197.607
714.169
0.308464
279.812
356.105
0.477177
289.606
565.425
0.60929
301.292
714.197
0.177949
240.591
4.8492
0.732499
269.94
4.85462
0.714756
203.444
3.88397
0.823467
0
0
0
745.52
152.592
0.836505
749.376
277.796
0.725893
633.981
273.882
0.642934
492.994
338.506
0.748661
358.058
326.76
0.325276
864.736
279.79
0.617888
993.892
354.109
0.742477
1117.14
346.291
0.78664
665.249
624.124
0.383037
0
0
0
0
0
0
806.136
629.997
0.370172
0
0
0
0
0
0
725.887
133.077
0.949547
772.808
133.046
0.974577
694.506
156.542
0.869084
802.205
162.329
0.901175
2
256.378
15.6087
0.866383
242.529
117.358
0.856224
156.53
113.444
0.754184
129.112
228.937
0.536928
0
0
0
326.722
121.319
0.68587
340.422
271.999
0.716834
334.549
377.615
0.575593
193.675
352.15
0.503534
205.387
555.719
0.595551
197.601
714.166
0.315868
281.729
352.215
0.471372
289.544
565.445
0.603889
301.235
714.195
0.187601
240.541
4.84937
0.72389
268.063
4.85446
0.703764
201.501
3.88326
0.82999
0
0
0
743.575
154.611
0.872668
745.443
279.802
0.715836
630.021
275.878
0.642173
498.898
356.123
0.739439
350.176
365.849
0.377513
862.804
285.624
0.617012
989.961
371.741
0.71467
1103.46
369.849
0.782273
663.251
622.176
0.388165
0
0
0
0
0
0
804.172
631.94
0.381498
0
0
0
0
0
0
725.766
133.16
0.924773
770.832
133.095
0.940309
688.714
154.563
0.821996
796.281
162.277
0.841454
2
256.329
13.6772
0.861627
240.674
117.349
0.862497
154.584
113.425
0.751314
127.18
230.896
0.504269
0
0
0
324.771
121.302
0.689613
338.485
270
0.733105
334.641
379.517
0.770482
191.753
350.245
0.483592
201.49
559.543
0.597754
195.73
714.17
0.320724
275.904
350.244
0.446686
289.529
565.401
0.609994
299.299
714.196
0.185071
238.73
4.8503
0.71945
266.122
4.85464
0.687801
199.578
3.88212
0.823879
0
0
0
743.41
156.506
0.893579
741.465
283.658
0.747139
622.2
279.784
0.609978
506.736
375.669
0.731842
361.939
405.018
0.542144
853.014
285.626
0.63157
972.38
383.557
0.751442
1079.99
412.822
0.794952
659.348
624.118
0.383198
0
0
0
0
0
0
798.265
631.985
0.361734
0
0
0
0
0
0
719.965
135.063
0.85332
763.069
134.988
0.900966
680.954
160.415
0.900432
790.426
162.351
0.922453
2
256.263
13.6718
0.854061
240.589
117.353
0.856791
152.606
113.436
0.759665
125.228
230.878
0.503217
0
0
0
322.834
121.276
0.697834
336.609
271.888
0.773547
332.639
389.376
0.803633
191.698
352.18
0.496065
199.612
555.622
0.603725
195.64
714.167
0.338797
273.937
352.173
0.460776
287.617
563.499
0.591807
299.338
714.196
0.181924
238.669
4.85127
0.708176
264.138
4.85534
0.673726
197.616
3.88447
0.844881
0
0
0
739.517
156.484
0.820836
733.684
285.654
0.722682
616.318
285.624
0.671307
508.626
397.151
0.805237
395.216
446.005
0.826837
849.151
287.53
0.649887
954.809
399.067
0.773715
1054.54
451.935
0.760855
649.558
631.937
0.404571
0
0
0
0
0
0
792.391
633.9
0.374587
0
0
0
0
0
0
712.195
135.011
0.911977
759.064
133.13
0.96767
678.926
162.284
0.923651
786.542
162.329
0.877824
2
254.35
11.7108
0.835308
238.676
117.339
0.845238
150.684
113.435
0.768358
121.327
227.02
0.537535
0
0
0
320.912
119.398
0.710843
336.543
271.901
0.778612
330.67
391.283
0.792613
189.759
352.158
0.483749
197.671
555.67
0.584029
193.71
714.171
0.279767
273.911
352.16
0.462543
287.597
563.455
0.59304
297.371
714.194
0.164933
236.758
4.8522
0.692176
260.291
4.85454
0.685746
195.721
3.88186
0.870398
0
0
0
729.819
154.603
0.84786
727.865
287.566
0.758288
614.302
285.674
0.674868
514.553
410.826
0.776605
412.877
491.107
0.845983
845.202
287.585
0.646052
935.225
410.812
0.734826
1023.26
491.122
0.776249
647.547
628.038
0.398788
0
0
0
0
0
0
788.428
631.958
0.380591
0
0
0
0
0
0
710.121
135.048
0.921659
755.131
133.103
0.935779
671.071
162.366
0.87483
776.708
160.409
0.850434
2
252.391
13.6654
0.807107
236.713
117.319
0.823402
148.782
113.43
0.778115
119.359
228.91
0.539098
0
0
0
320.804
119.342
0.731866
336.469
269.978
0.755688
328.708
391.272
0.76709
185.863
350.179
0.487907
197.609
555.709
0.5844
193.62
714.168
0.307529
273.863
350.198
0.462905
287.565
567.385
0.595988
293.453
714.194
0.17136
234.792
4.85301
0.666381
258.388
4.85332
0.714185
195.646
3.88563
0.869783
0
0
0
725.949
152.66
0.874325
723.904
287.641
0.76264
604.591
287.582
0.701554
522.344
418.72
0.815808
432.448
526.363
0.776425
837.352
287.614
0.678012
915.604
416.79
0.761552
989.972
522.448
0.784135
637.809
631.956
0.390803
0
0
0
0
0
0
778.71
633.93
0.358996
0
0
0
0
0
0
698.524
135.029
0.865368
743.585
133.08
0.952837
665.134
162.394
0.941326
772.773
160.414
0.875044
